<?xml version="1.0" encoding="UTF-8"?>
<testsuite name="UTest" tests="1" skipped="0" failures="0" errors="0" timestamp="2021-10-21T17:59:45" hostname="Piratadelrock" time="48.312">
  <properties/>
  <testcase name="EMPTY_NAME" classname="UTest" time="48.312"/>
  <system-out><![CDATA[]]></system-out>
  <system-err><![CDATA[[Test worker] WARN net.thucydides.core.steps.BaseStepListener - stepStarted: net.thucydides.core.steps.ExecutedStepDescription@d030977
[Test worker] WARN net.thucydides.core.steps.BaseStepListener - stepStarted: net.thucydides.core.steps.ExecutedStepDescription@10fa3a86
[Test worker] WARN net.thucydides.core.steps.BaseStepListener - stepStarted: net.thucydides.core.steps.ExecutedStepDescription@4368f31c
oct. 21, 2021 12:59:47 P. M. org.openqa.selenium.remote.DesiredCapabilities chrome
INFORMACIÓN: Using `new ChromeOptions()` is preferred to `DesiredCapabilities.chrome()`
[Test worker] INFO net.serenitybdd.core.webdriver.driverproviders.ProvideNewDriver - Instantiating driver
[Test worker] INFO net.serenitybdd.core.webdriver.driverproviders.ProvideNewDriver - Driver capabilities: Capabilities {acceptInsecureCerts: false, browserName: chrome, chrome.switches: --start-maximized, goog:chromeOptions: {args: [--start-maximized], extensions: []}, loggingPrefs: org.openqa.selenium.logging..., platform: ANY, version: }
Starting ChromeDriver 94.0.4606.61 (418b78f5838ed0b1c69bb4e51ea0252171854915-refs/branch-heads/4606@{#1204}) on port 12554
Only local connections are allowed.
Please see https://chromedriver.chromium.org/security-considerations for suggestions on keeping ChromeDriver safe.
ChromeDriver was started successfully.
oct. 21, 2021 12:59:51 P. M. org.openqa.selenium.remote.ProtocolHandshake createSession
INFORMACIÓN: Detected dialect: W3C
[Test worker] WARN net.thucydides.core.steps.BaseStepListener - stepFinished: current outcome::Given that Emmanuel wants to create an account on uTest [Emmanuel open up [Emmanuel opens the U test page]]
[Test worker] WARN net.thucydides.core.steps.BaseStepListener - stepFinished: current outcome::Given that Emmanuel wants to create an account on uTest [Emmanuel open up [Emmanuel opens the U test page]]
[Test worker] WARN net.thucydides.core.steps.BaseStepListener - stepFinished: current outcome::Given that Emmanuel wants to create an account on uTest [Emmanuel open up [Emmanuel opens the U test page]]
[Test worker] WARN net.thucydides.core.steps.BaseStepListener - stepStarted: net.thucydides.core.steps.ExecutedStepDescription@6a585fb9
[Test worker] WARN net.thucydides.core.steps.BaseStepListener - stepStarted: net.thucydides.core.steps.ExecutedStepDescription@6410b1dd
[Test worker] WARN net.thucydides.core.steps.BaseStepListener - stepStarted: net.thucydides.core.steps.ExecutedStepDescription@364942c7
[Test worker] WARN net.thucydides.core.steps.BaseStepListener - stepFinished: current outcome::Given that Emmanuel wants to create an account on uTest [Emmanuel open up [Emmanuel opens the U test page]], When he enters Join Today, he opens a form to register on the platform
| strNombre | strApellido | strCorreo | strClave | strConfirmarClave | strDia | strMes | strAno | strCiudad | strPostal |
| Emmanuel | Jose | jsmith1@yopmail.com | Pchou2021* | Pchou2021* | 27 | March | 1996 | Bello | 051050 | [Emmanuel register [Emmanuel clicks on boton registro]]
[Test worker] WARN net.thucydides.core.steps.BaseStepListener - stepStarted: net.thucydides.core.steps.ExecutedStepDescription@5880cdfe
[Test worker] WARN net.thucydides.core.steps.BaseStepListener - stepFinished: current outcome::Given that Emmanuel wants to create an account on uTest [Emmanuel open up [Emmanuel opens the U test page]], When he enters Join Today, he opens a form to register on the platform
| strNombre | strApellido | strCorreo | strClave | strConfirmarClave | strDia | strMes | strAno | strCiudad | strPostal |
| Emmanuel | Jose | jsmith1@yopmail.com | Pchou2021* | Pchou2021* | 27 | March | 1996 | Bello | 051050 | [Emmanuel register [Emmanuel clicks on boton registro, Emmanuel enters 'Emmanuel' into donde escribimos el nombre]]
[Test worker] WARN net.thucydides.core.steps.BaseStepListener - stepStarted: net.thucydides.core.steps.ExecutedStepDescription@3920cba5
[Test worker] WARN net.thucydides.core.steps.BaseStepListener - stepFinished: current outcome::Given that Emmanuel wants to create an account on uTest [Emmanuel open up [Emmanuel opens the U test page]], When he enters Join Today, he opens a form to register on the platform
| strNombre | strApellido | strCorreo | strClave | strConfirmarClave | strDia | strMes | strAno | strCiudad | strPostal |
| Emmanuel | Jose | jsmith1@yopmail.com | Pchou2021* | Pchou2021* | 27 | March | 1996 | Bello | 051050 | [Emmanuel register [Emmanuel clicks on boton registro, Emmanuel enters 'Emmanuel' into donde escribimos el nombre, Emmanuel enters 'Jose' into donde escribimos el apellido]]
[Test worker] WARN net.thucydides.core.steps.BaseStepListener - stepStarted: net.thucydides.core.steps.ExecutedStepDescription@613efd4f
[Test worker] WARN net.thucydides.core.steps.BaseStepListener - stepFinished: current outcome::Given that Emmanuel wants to create an account on uTest [Emmanuel open up [Emmanuel opens the U test page]], When he enters Join Today, he opens a form to register on the platform
| strNombre | strApellido | strCorreo | strClave | strConfirmarClave | strDia | strMes | strAno | strCiudad | strPostal |
| Emmanuel | Jose | jsmith1@yopmail.com | Pchou2021* | Pchou2021* | 27 | March | 1996 | Bello | 051050 | [Emmanuel register [Emmanuel clicks on boton registro, Emmanuel enters 'Emmanuel' into donde escribimos el nombre, Emmanuel enters 'Jose' into donde escribimos el apellido, Emmanuel enters 'jsmith1@yopmail.com' into donde escribimos el correo]]
[Test worker] WARN net.thucydides.core.steps.BaseStepListener - stepStarted: net.thucydides.core.steps.ExecutedStepDescription@7f8c4e6b
[Test worker] WARN net.thucydides.core.steps.BaseStepListener - stepFinished: current outcome::Given that Emmanuel wants to create an account on uTest [Emmanuel open up [Emmanuel opens the U test page]], When he enters Join Today, he opens a form to register on the platform
| strNombre | strApellido | strCorreo | strClave | strConfirmarClave | strDia | strMes | strAno | strCiudad | strPostal |
| Emmanuel | Jose | jsmith1@yopmail.com | Pchou2021* | Pchou2021* | 27 | March | 1996 | Bello | 051050 | [Emmanuel register [Emmanuel clicks on boton registro, Emmanuel enters 'Emmanuel' into donde escribimos el nombre, Emmanuel enters 'Jose' into donde escribimos el apellido, Emmanuel enters 'jsmith1@yopmail.com' into donde escribimos el correo, Emmanuel select March on donde seleccionamos el mes]]
[Test worker] WARN net.thucydides.core.steps.BaseStepListener - stepStarted: net.thucydides.core.steps.ExecutedStepDescription@5fa2ba19
[Test worker] WARN net.thucydides.core.steps.BaseStepListener - stepFinished: current outcome::Given that Emmanuel wants to create an account on uTest [Emmanuel open up [Emmanuel opens the U test page]], When he enters Join Today, he opens a form to register on the platform
| strNombre | strApellido | strCorreo | strClave | strConfirmarClave | strDia | strMes | strAno | strCiudad | strPostal |
| Emmanuel | Jose | jsmith1@yopmail.com | Pchou2021* | Pchou2021* | 27 | March | 1996 | Bello | 051050 | [Emmanuel register [Emmanuel clicks on boton registro, Emmanuel enters 'Emmanuel' into donde escribimos el nombre, Emmanuel enters 'Jose' into donde escribimos el apellido, Emmanuel enters 'jsmith1@yopmail.com' into donde escribimos el correo, Emmanuel select March on donde seleccionamos el mes, Emmanuel select 27 on donde seleccionamos el dia]]
[Test worker] WARN net.thucydides.core.steps.BaseStepListener - stepStarted: net.thucydides.core.steps.ExecutedStepDescription@25989133
[Test worker] WARN net.thucydides.core.steps.BaseStepListener - stepFinished: current outcome::Given that Emmanuel wants to create an account on uTest [Emmanuel open up [Emmanuel opens the U test page]], When he enters Join Today, he opens a form to register on the platform
| strNombre | strApellido | strCorreo | strClave | strConfirmarClave | strDia | strMes | strAno | strCiudad | strPostal |
| Emmanuel | Jose | jsmith1@yopmail.com | Pchou2021* | Pchou2021* | 27 | March | 1996 | Bello | 051050 | [Emmanuel register [Emmanuel clicks on boton registro, Emmanuel enters 'Emmanuel' into donde escribimos el nombre, Emmanuel enters 'Jose' into donde escribimos el apellido, Emmanuel enters 'jsmith1@yopmail.com' into donde escribimos el correo, Emmanuel select March on donde seleccionamos el mes, Emmanuel select 27 on donde seleccionamos el dia, Emmanuel select 1996 on donde seleccionamos el aÃ±o]]
[Test worker] WARN net.thucydides.core.steps.BaseStepListener - stepStarted: net.thucydides.core.steps.ExecutedStepDescription@4b6f729d
[Test worker] WARN net.thucydides.core.steps.BaseStepListener - stepFinished: current outcome::Given that Emmanuel wants to create an account on uTest [Emmanuel open up [Emmanuel opens the U test page]], When he enters Join Today, he opens a form to register on the platform
| strNombre | strApellido | strCorreo | strClave | strConfirmarClave | strDia | strMes | strAno | strCiudad | strPostal |
| Emmanuel | Jose | jsmith1@yopmail.com | Pchou2021* | Pchou2021* | 27 | March | 1996 | Bello | 051050 | [Emmanuel register [Emmanuel clicks on boton registro, Emmanuel enters 'Emmanuel' into donde escribimos el nombre, Emmanuel enters 'Jose' into donde escribimos el apellido, Emmanuel enters 'jsmith1@yopmail.com' into donde escribimos el correo, Emmanuel select March on donde seleccionamos el mes, Emmanuel select 27 on donde seleccionamos el dia, Emmanuel select 1996 on donde seleccionamos el aÃ±o, Emmanuel clicks on boton siguiente y completado]]
[Test worker] WARN net.thucydides.core.steps.BaseStepListener - stepStarted: net.thucydides.core.steps.ExecutedStepDescription@5e5ecc1
[Test worker] WARN net.thucydides.core.steps.BaseStepListener - stepFinished: current outcome::Given that Emmanuel wants to create an account on uTest [Emmanuel open up [Emmanuel opens the U test page]], When he enters Join Today, he opens a form to register on the platform
| strNombre | strApellido | strCorreo | strClave | strConfirmarClave | strDia | strMes | strAno | strCiudad | strPostal |
| Emmanuel | Jose | jsmith1@yopmail.com | Pchou2021* | Pchou2021* | 27 | March | 1996 | Bello | 051050 | [Emmanuel register [Emmanuel clicks on boton registro, Emmanuel enters 'Emmanuel' into donde escribimos el nombre, Emmanuel enters 'Jose' into donde escribimos el apellido, Emmanuel enters 'jsmith1@yopmail.com' into donde escribimos el correo, Emmanuel select March on donde seleccionamos el mes, Emmanuel select 27 on donde seleccionamos el dia, Emmanuel select 1996 on donde seleccionamos el aÃ±o, Emmanuel clicks on boton siguiente y completado, Emmanuel enters 'Bello' into donde escribimos la ciudad]]
[Test worker] WARN net.thucydides.core.steps.BaseStepListener - stepStarted: net.thucydides.core.steps.ExecutedStepDescription@64cff2a0
[Test worker] WARN net.thucydides.core.steps.BaseStepListener - stepFinished: current outcome::Given that Emmanuel wants to create an account on uTest [Emmanuel open up [Emmanuel opens the U test page]], When he enters Join Today, he opens a form to register on the platform
| strNombre | strApellido | strCorreo | strClave | strConfirmarClave | strDia | strMes | strAno | strCiudad | strPostal |
| Emmanuel | Jose | jsmith1@yopmail.com | Pchou2021* | Pchou2021* | 27 | March | 1996 | Bello | 051050 | [Emmanuel register [Emmanuel clicks on boton registro, Emmanuel enters 'Emmanuel' into donde escribimos el nombre, Emmanuel enters 'Jose' into donde escribimos el apellido, Emmanuel enters 'jsmith1@yopmail.com' into donde escribimos el correo, Emmanuel select March on donde seleccionamos el mes, Emmanuel select 27 on donde seleccionamos el dia, Emmanuel select 1996 on donde seleccionamos el aÃ±o, Emmanuel clicks on boton siguiente y completado, Emmanuel enters 'Bello' into donde escribimos la ciudad, Emmanuel types 'ARROW_DOWN' in donde escribimos la ciudad]]
[Test worker] WARN net.thucydides.core.steps.BaseStepListener - stepStarted: net.thucydides.core.steps.ExecutedStepDescription@752f1a1e
[Test worker] WARN net.thucydides.core.steps.BaseStepListener - stepFinished: current outcome::Given that Emmanuel wants to create an account on uTest [Emmanuel open up [Emmanuel opens the U test page]], When he enters Join Today, he opens a form to register on the platform
| strNombre | strApellido | strCorreo | strClave | strConfirmarClave | strDia | strMes | strAno | strCiudad | strPostal |
| Emmanuel | Jose | jsmith1@yopmail.com | Pchou2021* | Pchou2021* | 27 | March | 1996 | Bello | 051050 | [Emmanuel register [Emmanuel clicks on boton registro, Emmanuel enters 'Emmanuel' into donde escribimos el nombre, Emmanuel enters 'Jose' into donde escribimos el apellido, Emmanuel enters 'jsmith1@yopmail.com' into donde escribimos el correo, Emmanuel select March on donde seleccionamos el mes, Emmanuel select 27 on donde seleccionamos el dia, Emmanuel select 1996 on donde seleccionamos el aÃ±o, Emmanuel clicks on boton siguiente y completado, Emmanuel enters 'Bello' into donde escribimos la ciudad, Emmanuel types 'ARROW_DOWN' in donde escribimos la ciudad, Emmanuel types 'ENTER' in donde escribimos la ciudad]]
[Test worker] WARN net.thucydides.core.steps.BaseStepListener - stepStarted: net.thucydides.core.steps.ExecutedStepDescription@278fa74c
[Test worker] WARN net.thucydides.core.steps.BaseStepListener - stepFinished: current outcome::Given that Emmanuel wants to create an account on uTest [Emmanuel open up [Emmanuel opens the U test page]], When he enters Join Today, he opens a form to register on the platform
| strNombre | strApellido | strCorreo | strClave | strConfirmarClave | strDia | strMes | strAno | strCiudad | strPostal |
| Emmanuel | Jose | jsmith1@yopmail.com | Pchou2021* | Pchou2021* | 27 | March | 1996 | Bello | 051050 | [Emmanuel register [Emmanuel clicks on boton registro, Emmanuel enters 'Emmanuel' into donde escribimos el nombre, Emmanuel enters 'Jose' into donde escribimos el apellido, Emmanuel enters 'jsmith1@yopmail.com' into donde escribimos el correo, Emmanuel select March on donde seleccionamos el mes, Emmanuel select 27 on donde seleccionamos el dia, Emmanuel select 1996 on donde seleccionamos el aÃ±o, Emmanuel clicks on boton siguiente y completado, Emmanuel enters 'Bello' into donde escribimos la ciudad, Emmanuel types 'ARROW_DOWN' in donde escribimos la ciudad, Emmanuel types 'ENTER' in donde escribimos la ciudad, Emmanuel enters '051050' into donde escribimos codico postal]]
[Test worker] WARN net.thucydides.core.steps.BaseStepListener - stepStarted: net.thucydides.core.steps.ExecutedStepDescription@6add922f
[Test worker] WARN net.thucydides.core.steps.BaseStepListener - stepFinished: current outcome::Given that Emmanuel wants to create an account on uTest [Emmanuel open up [Emmanuel opens the U test page]], When he enters Join Today, he opens a form to register on the platform
| strNombre | strApellido | strCorreo | strClave | strConfirmarClave | strDia | strMes | strAno | strCiudad | strPostal |
| Emmanuel | Jose | jsmith1@yopmail.com | Pchou2021* | Pchou2021* | 27 | March | 1996 | Bello | 051050 | [Emmanuel register [Emmanuel clicks on boton registro, Emmanuel enters 'Emmanuel' into donde escribimos el nombre, Emmanuel enters 'Jose' into donde escribimos el apellido, Emmanuel enters 'jsmith1@yopmail.com' into donde escribimos el correo, Emmanuel select March on donde seleccionamos el mes, Emmanuel select 27 on donde seleccionamos el dia, Emmanuel select 1996 on donde seleccionamos el aÃ±o, Emmanuel clicks on boton siguiente y completado, Emmanuel enters 'Bello' into donde escribimos la ciudad, Emmanuel types 'ARROW_DOWN' in donde escribimos la ciudad, Emmanuel types 'ENTER' in donde escribimos la ciudad, Emmanuel enters '051050' into donde escribimos codico postal, Emmanuel clicks on boton siguiente y completado]]
[Test worker] WARN net.thucydides.core.steps.BaseStepListener - stepStarted: net.thucydides.core.steps.ExecutedStepDescription@5df5432d
[Test worker] WARN net.thucydides.core.steps.BaseStepListener - stepFinished: current outcome::Given that Emmanuel wants to create an account on uTest [Emmanuel open up [Emmanuel opens the U test page]], When he enters Join Today, he opens a form to register on the platform
| strNombre | strApellido | strCorreo | strClave | strConfirmarClave | strDia | strMes | strAno | strCiudad | strPostal |
| Emmanuel | Jose | jsmith1@yopmail.com | Pchou2021* | Pchou2021* | 27 | March | 1996 | Bello | 051050 | [Emmanuel register [Emmanuel clicks on boton registro, Emmanuel enters 'Emmanuel' into donde escribimos el nombre, Emmanuel enters 'Jose' into donde escribimos el apellido, Emmanuel enters 'jsmith1@yopmail.com' into donde escribimos el correo, Emmanuel select March on donde seleccionamos el mes, Emmanuel select 27 on donde seleccionamos el dia, Emmanuel select 1996 on donde seleccionamos el aÃ±o, Emmanuel clicks on boton siguiente y completado, Emmanuel enters 'Bello' into donde escribimos la ciudad, Emmanuel types 'ARROW_DOWN' in donde escribimos la ciudad, Emmanuel types 'ENTER' in donde escribimos la ciudad, Emmanuel enters '051050' into donde escribimos codico postal, Emmanuel clicks on boton siguiente y completado, Emmanuel clicks on boton siguiente y completado]]
[Test worker] WARN net.thucydides.core.steps.BaseStepListener - stepStarted: net.thucydides.core.steps.ExecutedStepDescription@21008908
[Test worker] WARN net.thucydides.core.steps.BaseStepListener - stepFinished: current outcome::Given that Emmanuel wants to create an account on uTest [Emmanuel open up [Emmanuel opens the U test page]], When he enters Join Today, he opens a form to register on the platform
| strNombre | strApellido | strCorreo | strClave | strConfirmarClave | strDia | strMes | strAno | strCiudad | strPostal |
| Emmanuel | Jose | jsmith1@yopmail.com | Pchou2021* | Pchou2021* | 27 | March | 1996 | Bello | 051050 | [Emmanuel register [Emmanuel clicks on boton registro, Emmanuel enters 'Emmanuel' into donde escribimos el nombre, Emmanuel enters 'Jose' into donde escribimos el apellido, Emmanuel enters 'jsmith1@yopmail.com' into donde escribimos el correo, Emmanuel select March on donde seleccionamos el mes, Emmanuel select 27 on donde seleccionamos el dia, Emmanuel select 1996 on donde seleccionamos el aÃ±o, Emmanuel clicks on boton siguiente y completado, Emmanuel enters 'Bello' into donde escribimos la ciudad, Emmanuel types 'ARROW_DOWN' in donde escribimos la ciudad, Emmanuel types 'ENTER' in donde escribimos la ciudad, Emmanuel enters '051050' into donde escribimos codico postal, Emmanuel clicks on boton siguiente y completado, Emmanuel clicks on boton siguiente y completado, Emmanuel enters 'Pchou2021*' into ingresar clave]]
[Test worker] WARN net.thucydides.core.steps.BaseStepListener - stepStarted: net.thucydides.core.steps.ExecutedStepDescription@6ab75c11
[Test worker] WARN net.thucydides.core.steps.BaseStepListener - stepFinished: current outcome::Given that Emmanuel wants to create an account on uTest [Emmanuel open up [Emmanuel opens the U test page]], When he enters Join Today, he opens a form to register on the platform
| strNombre | strApellido | strCorreo | strClave | strConfirmarClave | strDia | strMes | strAno | strCiudad | strPostal |
| Emmanuel | Jose | jsmith1@yopmail.com | Pchou2021* | Pchou2021* | 27 | March | 1996 | Bello | 051050 | [Emmanuel register [Emmanuel clicks on boton registro, Emmanuel enters 'Emmanuel' into donde escribimos el nombre, Emmanuel enters 'Jose' into donde escribimos el apellido, Emmanuel enters 'jsmith1@yopmail.com' into donde escribimos el correo, Emmanuel select March on donde seleccionamos el mes, Emmanuel select 27 on donde seleccionamos el dia, Emmanuel select 1996 on donde seleccionamos el aÃ±o, Emmanuel clicks on boton siguiente y completado, Emmanuel enters 'Bello' into donde escribimos la ciudad, Emmanuel types 'ARROW_DOWN' in donde escribimos la ciudad, Emmanuel types 'ENTER' in donde escribimos la ciudad, Emmanuel enters '051050' into donde escribimos codico postal, Emmanuel clicks on boton siguiente y completado, Emmanuel clicks on boton siguiente y completado, Emmanuel enters 'Pchou2021*' into ingresar clave, Emmanuel enters 'Pchou2021*' into confirmar clave]]
[Test worker] WARN net.thucydides.core.steps.BaseStepListener - stepStarted: net.thucydides.core.steps.ExecutedStepDescription@7da05e00
[Test worker] WARN net.thucydides.core.steps.BaseStepListener - stepFinished: current outcome::Given that Emmanuel wants to create an account on uTest [Emmanuel open up [Emmanuel opens the U test page]], When he enters Join Today, he opens a form to register on the platform
| strNombre | strApellido | strCorreo | strClave | strConfirmarClave | strDia | strMes | strAno | strCiudad | strPostal |
| Emmanuel | Jose | jsmith1@yopmail.com | Pchou2021* | Pchou2021* | 27 | March | 1996 | Bello | 051050 | [Emmanuel register [Emmanuel clicks on boton registro, Emmanuel enters 'Emmanuel' into donde escribimos el nombre, Emmanuel enters 'Jose' into donde escribimos el apellido, Emmanuel enters 'jsmith1@yopmail.com' into donde escribimos el correo, Emmanuel select March on donde seleccionamos el mes, Emmanuel select 27 on donde seleccionamos el dia, Emmanuel select 1996 on donde seleccionamos el aÃ±o, Emmanuel clicks on boton siguiente y completado, Emmanuel enters 'Bello' into donde escribimos la ciudad, Emmanuel types 'ARROW_DOWN' in donde escribimos la ciudad, Emmanuel types 'ENTER' in donde escribimos la ciudad, Emmanuel enters '051050' into donde escribimos codico postal, Emmanuel clicks on boton siguiente y completado, Emmanuel clicks on boton siguiente y completado, Emmanuel enters 'Pchou2021*' into ingresar clave, Emmanuel enters 'Pchou2021*' into confirmar clave, Emmanuel clicks on Acepta los terminos]]
[Test worker] WARN net.thucydides.core.steps.BaseStepListener - stepStarted: net.thucydides.core.steps.ExecutedStepDescription@4b8dd605
[Test worker] WARN net.thucydides.core.steps.BaseStepListener - stepFinished: current outcome::Given that Emmanuel wants to create an account on uTest [Emmanuel open up [Emmanuel opens the U test page]], When he enters Join Today, he opens a form to register on the platform
| strNombre | strApellido | strCorreo | strClave | strConfirmarClave | strDia | strMes | strAno | strCiudad | strPostal |
| Emmanuel | Jose | jsmith1@yopmail.com | Pchou2021* | Pchou2021* | 27 | March | 1996 | Bello | 051050 | [Emmanuel register [Emmanuel clicks on boton registro, Emmanuel enters 'Emmanuel' into donde escribimos el nombre, Emmanuel enters 'Jose' into donde escribimos el apellido, Emmanuel enters 'jsmith1@yopmail.com' into donde escribimos el correo, Emmanuel select March on donde seleccionamos el mes, Emmanuel select 27 on donde seleccionamos el dia, Emmanuel select 1996 on donde seleccionamos el aÃ±o, Emmanuel clicks on boton siguiente y completado, Emmanuel enters 'Bello' into donde escribimos la ciudad, Emmanuel types 'ARROW_DOWN' in donde escribimos la ciudad, Emmanuel types 'ENTER' in donde escribimos la ciudad, Emmanuel enters '051050' into donde escribimos codico postal, Emmanuel clicks on boton siguiente y completado, Emmanuel clicks on boton siguiente y completado, Emmanuel enters 'Pchou2021*' into ingresar clave, Emmanuel enters 'Pchou2021*' into confirmar clave, Emmanuel clicks on Acepta los terminos, Emmanuel clicks on Acepta las politicas]]
[Test worker] WARN net.thucydides.core.steps.BaseStepListener - stepStarted: net.thucydides.core.steps.ExecutedStepDescription@28a848d2
[Test worker] WARN net.thucydides.core.steps.BaseStepListener - stepFinished: current outcome::Given that Emmanuel wants to create an account on uTest [Emmanuel open up [Emmanuel opens the U test page]], When he enters Join Today, he opens a form to register on the platform
| strNombre | strApellido | strCorreo | strClave | strConfirmarClave | strDia | strMes | strAno | strCiudad | strPostal |
| Emmanuel | Jose | jsmith1@yopmail.com | Pchou2021* | Pchou2021* | 27 | March | 1996 | Bello | 051050 | [Emmanuel register [Emmanuel clicks on boton registro, Emmanuel enters 'Emmanuel' into donde escribimos el nombre, Emmanuel enters 'Jose' into donde escribimos el apellido, Emmanuel enters 'jsmith1@yopmail.com' into donde escribimos el correo, Emmanuel select March on donde seleccionamos el mes, Emmanuel select 27 on donde seleccionamos el dia, Emmanuel select 1996 on donde seleccionamos el aÃ±o, Emmanuel clicks on boton siguiente y completado, Emmanuel enters 'Bello' into donde escribimos la ciudad, Emmanuel types 'ARROW_DOWN' in donde escribimos la ciudad, Emmanuel types 'ENTER' in donde escribimos la ciudad, Emmanuel enters '051050' into donde escribimos codico postal, Emmanuel clicks on boton siguiente y completado, Emmanuel clicks on boton siguiente y completado, Emmanuel enters 'Pchou2021*' into ingresar clave, Emmanuel enters 'Pchou2021*' into confirmar clave, Emmanuel clicks on Acepta los terminos, Emmanuel clicks on Acepta las politicas, Emmanuel clicks on boton siguiente y completado]]
[Test worker] WARN net.thucydides.core.steps.BaseStepListener - stepFinished: current outcome::Given that Emmanuel wants to create an account on uTest [Emmanuel open up [Emmanuel opens the U test page]], When he enters Join Today, he opens a form to register on the platform
| strNombre | strApellido | strCorreo | strClave | strConfirmarClave | strDia | strMes | strAno | strCiudad | strPostal |
| Emmanuel | Jose | jsmith1@yopmail.com | Pchou2021* | Pchou2021* | 27 | March | 1996 | Bello | 051050 | [Emmanuel register [Emmanuel clicks on boton registro, Emmanuel enters 'Emmanuel' into donde escribimos el nombre, Emmanuel enters 'Jose' into donde escribimos el apellido, Emmanuel enters 'jsmith1@yopmail.com' into donde escribimos el correo, Emmanuel select March on donde seleccionamos el mes, Emmanuel select 27 on donde seleccionamos el dia, Emmanuel select 1996 on donde seleccionamos el aÃ±o, Emmanuel clicks on boton siguiente y completado, Emmanuel enters 'Bello' into donde escribimos la ciudad, Emmanuel types 'ARROW_DOWN' in donde escribimos la ciudad, Emmanuel types 'ENTER' in donde escribimos la ciudad, Emmanuel enters '051050' into donde escribimos codico postal, Emmanuel clicks on boton siguiente y completado, Emmanuel clicks on boton siguiente y completado, Emmanuel enters 'Pchou2021*' into ingresar clave, Emmanuel enters 'Pchou2021*' into confirmar clave, Emmanuel clicks on Acepta los terminos, Emmanuel clicks on Acepta las politicas, Emmanuel clicks on boton siguiente y completado]]
[Test worker] WARN net.thucydides.core.steps.BaseStepListener - stepFinished: current outcome::Given that Emmanuel wants to create an account on uTest [Emmanuel open up [Emmanuel opens the U test page]], When he enters Join Today, he opens a form to register on the platform
| strNombre | strApellido | strCorreo | strClave | strConfirmarClave | strDia | strMes | strAno | strCiudad | strPostal |
| Emmanuel | Jose | jsmith1@yopmail.com | Pchou2021* | Pchou2021* | 27 | March | 1996 | Bello | 051050 | [Emmanuel register [Emmanuel clicks on boton registro, Emmanuel enters 'Emmanuel' into donde escribimos el nombre, Emmanuel enters 'Jose' into donde escribimos el apellido, Emmanuel enters 'jsmith1@yopmail.com' into donde escribimos el correo, Emmanuel select March on donde seleccionamos el mes, Emmanuel select 27 on donde seleccionamos el dia, Emmanuel select 1996 on donde seleccionamos el aÃ±o, Emmanuel clicks on boton siguiente y completado, Emmanuel enters 'Bello' into donde escribimos la ciudad, Emmanuel types 'ARROW_DOWN' in donde escribimos la ciudad, Emmanuel types 'ENTER' in donde escribimos la ciudad, Emmanuel enters '051050' into donde escribimos codico postal, Emmanuel clicks on boton siguiente y completado, Emmanuel clicks on boton siguiente y completado, Emmanuel enters 'Pchou2021*' into ingresar clave, Emmanuel enters 'Pchou2021*' into confirmar clave, Emmanuel clicks on Acepta los terminos, Emmanuel clicks on Acepta las politicas, Emmanuel clicks on boton siguiente y completado]]
[Test worker] WARN net.thucydides.core.steps.BaseStepListener - stepStarted: net.thucydides.core.steps.ExecutedStepDescription@678c7d83
[Test worker] WARN net.thucydides.core.steps.BaseStepListener - stepFinished: current outcome::Given that Emmanuel wants to create an account on uTest [Emmanuel open up [Emmanuel opens the U test page]], When he enters Join Today, he opens a form to register on the platform
| strNombre | strApellido | strCorreo | strClave | strConfirmarClave | strDia | strMes | strAno | strCiudad | strPostal |
| Emmanuel | Jose | jsmith1@yopmail.com | Pchou2021* | Pchou2021* | 27 | March | 1996 | Bello | 051050 | [Emmanuel register [Emmanuel clicks on boton registro, Emmanuel enters 'Emmanuel' into donde escribimos el nombre, Emmanuel enters 'Jose' into donde escribimos el apellido, Emmanuel enters 'jsmith1@yopmail.com' into donde escribimos el correo, Emmanuel select March on donde seleccionamos el mes, Emmanuel select 27 on donde seleccionamos el dia, Emmanuel select 1996 on donde seleccionamos el aÃ±o, Emmanuel clicks on boton siguiente y completado, Emmanuel enters 'Bello' into donde escribimos la ciudad, Emmanuel types 'ARROW_DOWN' in donde escribimos la ciudad, Emmanuel types 'ENTER' in donde escribimos la ciudad, Emmanuel enters '051050' into donde escribimos codico postal, Emmanuel clicks on boton siguiente y completado, Emmanuel clicks on boton siguiente y completado, Emmanuel enters 'Pchou2021*' into ingresar clave, Emmanuel enters 'Pchou2021*' into confirmar clave, Emmanuel clicks on Acepta los terminos, Emmanuel clicks on Acepta las politicas, Emmanuel clicks on boton siguiente y completado]], Then fill in the form
[Test worker] WARN net.thucydides.core.steps.BaseStepListener - testFinished: :Given that Emmanuel wants to create an account on uTest [Emmanuel open up [Emmanuel opens the U test page]], When he enters Join Today, he opens a form to register on the platform
| strNombre | strApellido | strCorreo | strClave | strConfirmarClave | strDia | strMes | strAno | strCiudad | strPostal |
| Emmanuel | Jose | jsmith1@yopmail.com | Pchou2021* | Pchou2021* | 27 | March | 1996 | Bello | 051050 | [Emmanuel register [Emmanuel clicks on boton registro, Emmanuel enters 'Emmanuel' into donde escribimos el nombre, Emmanuel enters 'Jose' into donde escribimos el apellido, Emmanuel enters 'jsmith1@yopmail.com' into donde escribimos el correo, Emmanuel select March on donde seleccionamos el mes, Emmanuel select 27 on donde seleccionamos el dia, Emmanuel select 1996 on donde seleccionamos el aÃ±o, Emmanuel clicks on boton siguiente y completado, Emmanuel enters 'Bello' into donde escribimos la ciudad, Emmanuel types 'ARROW_DOWN' in donde escribimos la ciudad, Emmanuel types 'ENTER' in donde escribimos la ciudad, Emmanuel enters '051050' into donde escribimos codico postal, Emmanuel clicks on boton siguiente y completado, Emmanuel clicks on boton siguiente y completado, Emmanuel enters 'Pchou2021*' into ingresar clave, Emmanuel enters 'Pchou2021*' into confirmar clave, Emmanuel clicks on Acepta los terminos, Emmanuel clicks on Acepta las politicas, Emmanuel clicks on boton siguiente y completado]], Then fill in the form
[Test worker] WARN net.thucydides.core.steps.BaseStepListener - TestOutcomes: [:Given that Emmanuel wants to create an account on uTest [Emmanuel open up [Emmanuel opens the U test page]], When he enters Join Today, he opens a form to register on the platform
| strNombre | strApellido | strCorreo | strClave | strConfirmarClave | strDia | strMes | strAno | strCiudad | strPostal |
| Emmanuel | Jose | jsmith1@yopmail.com | Pchou2021* | Pchou2021* | 27 | March | 1996 | Bello | 051050 | [Emmanuel register [Emmanuel clicks on boton registro, Emmanuel enters 'Emmanuel' into donde escribimos el nombre, Emmanuel enters 'Jose' into donde escribimos el apellido, Emmanuel enters 'jsmith1@yopmail.com' into donde escribimos el correo, Emmanuel select March on donde seleccionamos el mes, Emmanuel select 27 on donde seleccionamos el dia, Emmanuel select 1996 on donde seleccionamos el aÃ±o, Emmanuel clicks on boton siguiente y completado, Emmanuel enters 'Bello' into donde escribimos la ciudad, Emmanuel types 'ARROW_DOWN' in donde escribimos la ciudad, Emmanuel types 'ENTER' in donde escribimos la ciudad, Emmanuel enters '051050' into donde escribimos codico postal, Emmanuel clicks on boton siguiente y completado, Emmanuel clicks on boton siguiente y completado, Emmanuel enters 'Pchou2021*' into ingresar clave, Emmanuel enters 'Pchou2021*' into confirmar clave, Emmanuel clicks on Acepta los terminos, Emmanuel clicks on Acepta las politicas, Emmanuel clicks on boton siguiente y completado]], Then fill in the form]
[Test worker] WARN net.thucydides.core.steps.BaseStepListener - Final testOutcomes: [:Given that Emmanuel wants to create an account on uTest [Emmanuel open up [Emmanuel opens the U test page]], When he enters Join Today, he opens a form to register on the platform
| strNombre | strApellido | strCorreo | strClave | strConfirmarClave | strDia | strMes | strAno | strCiudad | strPostal |
| Emmanuel | Jose | jsmith1@yopmail.com | Pchou2021* | Pchou2021* | 27 | March | 1996 | Bello | 051050 | [Emmanuel register [Emmanuel clicks on boton registro, Emmanuel enters 'Emmanuel' into donde escribimos el nombre, Emmanuel enters 'Jose' into donde escribimos el apellido, Emmanuel enters 'jsmith1@yopmail.com' into donde escribimos el correo, Emmanuel select March on donde seleccionamos el mes, Emmanuel select 27 on donde seleccionamos el dia, Emmanuel select 1996 on donde seleccionamos el aÃ±o, Emmanuel clicks on boton siguiente y completado, Emmanuel enters 'Bello' into donde escribimos la ciudad, Emmanuel types 'ARROW_DOWN' in donde escribimos la ciudad, Emmanuel types 'ENTER' in donde escribimos la ciudad, Emmanuel enters '051050' into donde escribimos codico postal, Emmanuel clicks on boton siguiente y completado, Emmanuel clicks on boton siguiente y completado, Emmanuel enters 'Pchou2021*' into ingresar clave, Emmanuel enters 'Pchou2021*' into confirmar clave, Emmanuel clicks on Acepta los terminos, Emmanuel clicks on Acepta las politicas, Emmanuel clicks on boton siguiente y completado]], Then fill in the form]
[Test worker] INFO net.thucydides.core.steps.ConsoleLoggingListener - 
        __    _____ _____ ____ _____   ____   _    ____  ____  _____ ____  
  _     \ \  |_   _| ____/ ___|_   _| |  _ \ / \  / ___|/ ___|| ____|  _ \ 
 (_)_____| |   | | |  _| \___ \ | |   | |_) / _ \ \___ \\___ \|  _| | | | |
  _|_____| |   | | | |___ ___) || |   |  __/ ___ \ ___) |___) | |___| |_| |
 (_)     | |   |_| |_____|____/ |_|   |_| /_/   \_\____/|____/|_____|____/ 
        /_/                                                                

TEST PASSED: 
----------------------------------------------------------------------------
]]></system-err>
</testsuite>
